cl : 命令行  warning D9025: 正在重写“/sdl”(用“/GS-”)
  Contact.c
D:\github\C-Language-Practice\通讯录\通讯录\Contact.c(9,7): warning C4013: “strcmp”未定义；假设外部返回 int
D:\github\C-Language-Practice\通讯录\通讯录\Contact.c(11,4): warning C4013: “strcpy”未定义；假设外部返回 int
D:\github\C-Language-Practice\通讯录\通讯录\Contact.c(51,13): warning C4996: 'fopen': This function or variable may be unsafe. Consider using fopen_s instead. To disable deprecation, use _CRT_SECURE_NO_WARNINGS. See online help for details.
D:\github\C-Language-Practice\通讯录\通讯录\Contact.c(76,2): warning C4996: 'scanf': This function or variable may be unsafe. Consider using scanf_s instead. To disable deprecation, use _CRT_SECURE_NO_WARNINGS. See online help for details.
D:\github\C-Language-Practice\通讯录\通讯录\Contact.c(78,2): warning C4996: 'scanf': This function or variable may be unsafe. Consider using scanf_s instead. To disable deprecation, use _CRT_SECURE_NO_WARNINGS. See online help for details.
D:\github\C-Language-Practice\通讯录\通讯录\Contact.c(97,32): warning C4047: “函数”:“char *”与“char (*)[20]”的间接级别不同
D:\github\C-Language-Practice\通讯录\通讯录\Contact.c(97,27): warning C4024: “FindContact”: 形参和实参 2 的类型不同
D:\github\C-Language-Practice\通讯录\通讯录\Contact.c(96,2): warning C4996: 'scanf': This function or variable may be unsafe. Consider using scanf_s instead. To disable deprecation, use _CRT_SECURE_NO_WARNINGS. See online help for details.
D:\github\C-Language-Practice\通讯录\通讯录\Contact.c(106,2): warning C4996: 'scanf': This function or variable may be unsafe. Consider using scanf_s instead. To disable deprecation, use _CRT_SECURE_NO_WARNINGS. See online help for details.
D:\github\C-Language-Practice\通讯录\通讯录\Contact.c(133,36): warning C4047: “函数”:“char *”与“char (*)[20]”的间接级别不同
D:\github\C-Language-Practice\通讯录\通讯录\Contact.c(133,29): warning C4024: “FindContact”: 形参和实参 2 的类型不同
D:\github\C-Language-Practice\通讯录\通讯录\Contact.c(132,2): warning C4996: 'scanf': This function or variable may be unsafe. Consider using scanf_s instead. To disable deprecation, use _CRT_SECURE_NO_WARNINGS. See online help for details.
D:\github\C-Language-Practice\通讯录\通讯录\Contact.c(140,2): warning C4996: 'scanf': This function or variable may be unsafe. Consider using scanf_s instead. To disable deprecation, use _CRT_SECURE_NO_WARNINGS. See online help for details.
D:\github\C-Language-Practice\通讯录\通讯录\Contact.c(149,2): warning C4996: 'scanf': This function or variable may be unsafe. Consider using scanf_s instead. To disable deprecation, use _CRT_SECURE_NO_WARNINGS. See online help for details.
D:\github\C-Language-Practice\通讯录\通讯录\Contact.c(151,2): warning C4996: 'scanf': This function or variable may be unsafe. Consider using scanf_s instead. To disable deprecation, use _CRT_SECURE_NO_WARNINGS. See online help for details.
D:\github\C-Language-Practice\通讯录\通讯录\Contact.c(162,34): warning C4047: “函数”:“char *”与“char (*)[20]”的间接级别不同
D:\github\C-Language-Practice\通讯录\通讯录\Contact.c(162,29): warning C4024: “FindContact”: 形参和实参 2 的类型不同
D:\github\C-Language-Practice\通讯录\通讯录\Contact.c(161,2): warning C4996: 'scanf': This function or variable may be unsafe. Consider using scanf_s instead. To disable deprecation, use _CRT_SECURE_NO_WARNINGS. See online help for details.
D:\github\C-Language-Practice\通讯录\通讯录\Contact.c(215,13): warning C4996: 'fopen': This function or variable may be unsafe. Consider using fopen_s instead. To disable deprecation, use _CRT_SECURE_NO_WARNINGS. See online help for details.
  test.c
D:\github\C-Language-Practice\通讯录\通讯录\test.c(14,2): warning C4013: “InitContact”未定义；假设外部返回 int
D:\github\C-Language-Practice\通讯录\通讯录\test.c(24,4): warning C4013: “AddContact”未定义；假设外部返回 int
D:\github\C-Language-Practice\通讯录\通讯录\test.c(27,4): warning C4013: “DeleContact”未定义；假设外部返回 int
D:\github\C-Language-Practice\通讯录\通讯录\test.c(30,4): warning C4013: “ModifyContact”未定义；假设外部返回 int
D:\github\C-Language-Practice\通讯录\通讯录\test.c(33,4): warning C4013: “CheckContact”未定义；假设外部返回 int
D:\github\C-Language-Practice\通讯录\通讯录\test.c(36,4): warning C4013: “PrintContact”未定义；假设外部返回 int
D:\github\C-Language-Practice\通讯录\通讯录\test.c(39,4): warning C4013: “SortContact”未定义；假设外部返回 int
D:\github\C-Language-Practice\通讯录\通讯录\test.c(42,4): warning C4013: “SaveContact”未定义；假设外部返回 int
D:\github\C-Language-Practice\通讯录\通讯录\test.c(43,4): warning C4013: “DestoryContact”未定义；假设外部返回 int
D:\github\C-Language-Practice\通讯录\通讯录\test.c(20,3): warning C4996: 'scanf': This function or variable may be unsafe. Consider using scanf_s instead. To disable deprecation, use _CRT_SECURE_NO_WARNINGS. See online help for details.
  正在生成代码...
  通讯录.vcxproj -> D:\github\C-Language-Practice\通讯录\x64\Debug\通讯录.exe
